This file contains any messages produced by compilers while
running configure, to aid debugging if configure makes a mistake.

It was created by Haskell SDL package configure 0.5.2, which was
generated by GNU Autoconf 2.65.  Invocation command line was

  $ ./configure --with-compiler=ghc CC=/usr/bin/gcc

## --------- ##
## Platform. ##
## --------- ##

hostname = adilson-inspiron-5547
uname -m = x86_64
uname -r = 4.15.0-24-generic
uname -s = Linux
uname -v = #26~16.04.1-Ubuntu SMP Fri Jun 15 14:35:08 UTC 2018

/usr/bin/uname -p = unknown
/bin/uname -X     = unknown

/bin/arch              = unknown
/usr/bin/arch -k       = unknown
/usr/convex/getsysinfo = unknown
/usr/bin/hostinfo      = unknown
/bin/machine           = unknown
/usr/bin/oslevel       = unknown
/bin/universe          = unknown

PATH: /home/adilson/bin
PATH: /home/adilson/.local/bin
PATH: /usr/local/sbin
PATH: /usr/local/bin
PATH: /usr/sbin
PATH: /usr/bin
PATH: /sbin
PATH: /bin
PATH: /usr/games
PATH: /usr/local/games
PATH: /snap/bin


## ----------- ##
## Core tests. ##
## ----------- ##

configure:1763: checking for sdl-config
configure:1781: found /usr/local/bin/sdl-config
configure:1793: result: /usr/local/bin/sdl-config
configure:1866: checking for gcc
configure:1893: result: /usr/bin/gcc
configure:2122: checking for C compiler version
configure:2131: /usr/bin/gcc --version >&5
gcc (Ubuntu 5.4.0-6ubuntu1~16.04.10) 5.4.0 20160609
Copyright (C) 2015 Free Software Foundation, Inc.
This is free software; see the source for copying conditions.  There is NO
warranty; not even for MERCHANTABILITY or FITNESS FOR A PARTICULAR PURPOSE.

configure:2142: $? = 0
configure:2131: /usr/bin/gcc -v >&5
Using built-in specs.
COLLECT_GCC=/usr/bin/gcc
COLLECT_LTO_WRAPPER=/usr/lib/gcc/x86_64-linux-gnu/5/lto-wrapper
Target: x86_64-linux-gnu
Configured with: ../src/configure -v --with-pkgversion='Ubuntu 5.4.0-6ubuntu1~16.04.10' --with-bugurl=file:///usr/share/doc/gcc-5/README.Bugs --enable-languages=c,ada,c++,java,go,d,fortran,objc,obj-c++ --prefix=/usr --program-suffix=-5 --enable-shared --enable-linker-build-id --libexecdir=/usr/lib --without-included-gettext --enable-threads=posix --libdir=/usr/lib --enable-nls --with-sysroot=/ --enable-clocale=gnu --enable-libstdcxx-debug --enable-libstdcxx-time=yes --with-default-libstdcxx-abi=new --enable-gnu-unique-object --disable-vtable-verify --enable-libmpx --enable-plugin --with-system-zlib --disable-browser-plugin --enable-java-awt=gtk --enable-gtk-cairo --with-java-home=/usr/lib/jvm/java-1.5.0-gcj-5-amd64/jre --enable-java-home --with-jvm-root-dir=/usr/lib/jvm/java-1.5.0-gcj-5-amd64 --with-jvm-jar-dir=/usr/lib/jvm-exports/java-1.5.0-gcj-5-amd64 --with-arch-directory=amd64 --with-ecj-jar=/usr/share/java/eclipse-ecj.jar --enable-objc-gc --enable-multiarch --disable-werror --with-arch-32=i686 --with-abi=m64 --with-multilib-list=m32,m64,mx32 --enable-multilib --with-tune=generic --enable-checking=release --build=x86_64-linux-gnu --host=x86_64-linux-gnu --target=x86_64-linux-gnu
Thread model: posix
gcc version 5.4.0 20160609 (Ubuntu 5.4.0-6ubuntu1~16.04.10) 
configure:2142: $? = 0
configure:2162: checking whether the C compiler works
configure:2184: /usr/bin/gcc -fno-stack-protector  -L/usr/local/lib -lSDL_mixer conftest.c  >&5
configure:2188: $? = 0
configure:2237: result: yes
configure:2240: checking for C compiler default output file name
configure:2242: result: a.out
configure:2248: checking for suffix of executables
configure:2255: /usr/bin/gcc -o conftest -fno-stack-protector  -L/usr/local/lib -lSDL_mixer conftest.c  >&5
configure:2259: $? = 0
configure:2281: result: 
configure:2303: checking whether we are cross compiling
configure:2311: /usr/bin/gcc -o conftest -fno-stack-protector  -L/usr/local/lib -lSDL_mixer conftest.c  >&5
configure:2315: $? = 0
configure:2322: ./conftest
configure:2326: $? = 0
configure:2341: result: no
configure:2346: checking for suffix of object files
configure:2368: /usr/bin/gcc -c -fno-stack-protector  conftest.c >&5
configure:2372: $? = 0
configure:2393: result: o
configure:2397: checking whether we are using the GNU C compiler
configure:2416: /usr/bin/gcc -c -fno-stack-protector  conftest.c >&5
configure:2416: $? = 0
configure:2425: result: yes
configure:2434: checking whether /usr/bin/gcc accepts -g
configure:2454: /usr/bin/gcc -c -g  conftest.c >&5
configure:2454: $? = 0
configure:2495: result: yes
configure:2512: checking for /usr/bin/gcc option to accept ISO C89
configure:2576: /usr/bin/gcc  -c -fno-stack-protector  conftest.c >&5
configure:2576: $? = 0
configure:2589: result: none needed
configure:2610: checking for Mix_OpenAudio in -lSDL_mixer
configure:2635: /usr/bin/gcc -o conftest -fno-stack-protector  -L/usr/local/lib -lSDL_mixer conftest.c -lSDL_mixer   >&5
//usr/local/lib/libSDL-1.2.so.0: undefined reference to `_XData32'
collect2: error: ld returned 1 exit status
configure:2635: $? = 1
configure: failed program was:
| /* confdefs.h */
| #define PACKAGE_NAME "Haskell SDL package"
| #define PACKAGE_TARNAME "SDL-mixer"
| #define PACKAGE_VERSION "0.5.2"
| #define PACKAGE_STRING "Haskell SDL package 0.5.2"
| #define PACKAGE_BUGREPORT "lemmih@gmail.com"
| #define PACKAGE_URL ""
| /* end confdefs.h.  */
| 
| /* Override any GCC internal prototype to avoid an error.
|    Use char because int might match the return type of a GCC
|    builtin and then its argument prototype would still apply.  */
| #ifdef __cplusplus
| extern "C"
| #endif
| char Mix_OpenAudio ();
| int
| main ()
| {
| return Mix_OpenAudio ();
|   ;
|   return 0;
| }
configure:2644: result: no
configure:2655: error: *** SDL_mixer lib not found! Get SDL_mixer from
http://www.libsdl.org/projects/SDL_mixer/index.html

## ---------------- ##
## Cache variables. ##
## ---------------- ##

ac_cv_c_compiler_gnu=yes
ac_cv_env_CC_set=set
ac_cv_env_CC_value=/usr/bin/gcc
ac_cv_env_CFLAGS_set=set
ac_cv_env_CFLAGS_value=-fno-stack-protector
ac_cv_env_CPPFLAGS_set=
ac_cv_env_CPPFLAGS_value=
ac_cv_env_LDFLAGS_set=
ac_cv_env_LDFLAGS_value=
ac_cv_env_LIBS_set=
ac_cv_env_LIBS_value=
ac_cv_env_build_alias_set=
ac_cv_env_build_alias_value=
ac_cv_env_host_alias_set=
ac_cv_env_host_alias_value=
ac_cv_env_target_alias_set=
ac_cv_env_target_alias_value=
ac_cv_lib_SDL_mixer_Mix_OpenAudio=no
ac_cv_objext=o
ac_cv_path_SDL_CONFIG=/usr/local/bin/sdl-config
ac_cv_prog_ac_ct_CC=/usr/bin/gcc
ac_cv_prog_cc_c89=
ac_cv_prog_cc_g=yes

## ----------------- ##
## Output variables. ##
## ----------------- ##

CC='/usr/bin/gcc'
CFLAGS='-fno-stack-protector'
CPPFLAGS=''
DEFS=''
ECHO_C=''
ECHO_N='-n'
ECHO_T=''
EXEEXT=''
LDFLAGS='-L/usr/local/lib -lSDL_mixer'
LIBOBJS=''
LIBS=''
LTLIBOBJS=''
OBJEXT='o'
PACKAGE_BUGREPORT='lemmih@gmail.com'
PACKAGE_NAME='Haskell SDL package'
PACKAGE_STRING='Haskell SDL package 0.5.2'
PACKAGE_TARNAME='SDL-mixer'
PACKAGE_URL=''
PACKAGE_VERSION='0.5.2'
PATH_SEPARATOR=':'
SDL_CFLAGS=''
SDL_CONFIG='/usr/local/bin/sdl-config'
SDL_LIBS='-L/usr/local/lib -lSDL_mixer'
SHELL='/bin/bash'
ac_ct_CC='/usr/bin/gcc'
bindir='${exec_prefix}/bin'
build_alias=''
datadir='${datarootdir}'
datarootdir='${prefix}/share'
docdir='${datarootdir}/doc/${PACKAGE_TARNAME}'
dvidir='${docdir}'
exec_prefix='NONE'
host_alias=''
htmldir='${docdir}'
includedir='${prefix}/include'
infodir='${datarootdir}/info'
libdir='${exec_prefix}/lib'
libexecdir='${exec_prefix}/libexec'
localedir='${datarootdir}/locale'
localstatedir='${prefix}/var'
mandir='${datarootdir}/man'
oldincludedir='/usr/include'
pdfdir='${docdir}'
prefix='NONE'
program_transform_name='s,x,x,'
psdir='${docdir}'
sbindir='${exec_prefix}/sbin'
sharedstatedir='${prefix}/com'
sysconfdir='${prefix}/etc'
target_alias=''

## ----------- ##
## confdefs.h. ##
## ----------- ##

/* confdefs.h */
#define PACKAGE_NAME "Haskell SDL package"
#define PACKAGE_TARNAME "SDL-mixer"
#define PACKAGE_VERSION "0.5.2"
#define PACKAGE_STRING "Haskell SDL package 0.5.2"
#define PACKAGE_BUGREPORT "lemmih@gmail.com"
#define PACKAGE_URL ""

configure: exit 1
