This file contains any messages produced by compilers while
running configure, to aid debugging if configure makes a mistake.

It was created by Haskell SDL package configure 0.5.4, which was
generated by GNU Autoconf 2.65.  Invocation command line was

  $ ./configure --with-compiler=ghc CC=/usr/bin/gcc

## --------- ##
## Platform. ##
## --------- ##

hostname = adilson-inspiron-5547
uname -m = x86_64
uname -r = 4.15.0-24-generic
uname -s = Linux
uname -v = #26~16.04.1-Ubuntu SMP Fri Jun 15 14:35:08 UTC 2018

/usr/bin/uname -p = unknown
/bin/uname -X     = unknown

/bin/arch              = unknown
/usr/bin/arch -k       = unknown
/usr/convex/getsysinfo = unknown
/usr/bin/hostinfo      = unknown
/bin/machine           = unknown
/usr/bin/oslevel       = unknown
/bin/universe          = unknown

PATH: /home/adilson/bin
PATH: /home/adilson/.local/bin
PATH: /usr/local/sbin
PATH: /usr/local/bin
PATH: /usr/sbin
PATH: /usr/bin
PATH: /sbin
PATH: /bin
PATH: /usr/games
PATH: /usr/local/games
PATH: /snap/bin


## ----------- ##
## Core tests. ##
## ----------- ##

configure:1670: checking for sdl-config
configure:1688: found /usr/local/bin/sdl-config
configure:1700: result: /usr/local/bin/sdl-config
configure:1841: creating ./config.status

## ---------------------- ##
## Running config.status. ##
## ---------------------- ##

This file was extended by Haskell SDL package config.status 0.5.4, which was
generated by GNU Autoconf 2.65.  Invocation command line was

  CONFIG_FILES    = 
  CONFIG_HEADERS  = 
  CONFIG_LINKS    = 
  CONFIG_COMMANDS = 
  $ ./config.status 

on adilson-inspiron-5547

config.status:784: creating config.mk
config.status:784: creating SDL.buildinfo
config.status:784: creating includes/HsSDLConfig.h
configure:2990: WARNING: unrecognized options: --with-compiler

## ---------------- ##
## Cache variables. ##
## ---------------- ##

ac_cv_env_build_alias_set=
ac_cv_env_build_alias_value=
ac_cv_env_host_alias_set=
ac_cv_env_host_alias_value=
ac_cv_env_target_alias_set=
ac_cv_env_target_alias_value=
ac_cv_path_SDL_CONFIG=/usr/local/bin/sdl-config

## ----------------- ##
## Output variables. ##
## ----------------- ##

DEFS='-DHAVE_CONFIG_H'
ECHO_C=''
ECHO_N='-n'
ECHO_T=''
LIBOBJS=''
LIBS=''
LTLIBOBJS=''
PACKAGE_BUGREPORT='lemmih@gmail.com'
PACKAGE_NAME='Haskell SDL package'
PACKAGE_STRING='Haskell SDL package 0.5.4'
PACKAGE_TARNAME='SDL'
PACKAGE_URL=''
PACKAGE_VERSION='0.5.4'
PATH_SEPARATOR=':'
SDL_CFLAGS='-I/usr/local/include/SDL -D_GNU_SOURCE=1 -D_REENTRANT'
SDL_CONFIG='/usr/local/bin/sdl-config'
SDL_LIBS='-L/usr/local/lib -Wl,-rpath,/usr/local/lib -lSDL '
SHELL='/bin/bash'
bindir='${exec_prefix}/bin'
build_alias=''
datadir='${datarootdir}'
datarootdir='${prefix}/share'
docdir='${datarootdir}/doc/${PACKAGE_TARNAME}'
dvidir='${docdir}'
exec_prefix='${prefix}'
host_alias=''
htmldir='${docdir}'
includedir='${prefix}/include'
infodir='${datarootdir}/info'
libdir='${exec_prefix}/lib'
libexecdir='${exec_prefix}/libexec'
localedir='${datarootdir}/locale'
localstatedir='${prefix}/var'
mandir='${datarootdir}/man'
oldincludedir='/usr/include'
pdfdir='${docdir}'
prefix='/usr/local'
program_transform_name='s,x,x,'
psdir='${docdir}'
sbindir='${exec_prefix}/sbin'
sharedstatedir='${prefix}/com'
sysconfdir='${prefix}/etc'
target_alias=''

## ----------- ##
## confdefs.h. ##
## ----------- ##

/* confdefs.h */
#define PACKAGE_NAME "Haskell SDL package"
#define PACKAGE_TARNAME "SDL"
#define PACKAGE_VERSION "0.5.4"
#define PACKAGE_STRING "Haskell SDL package 0.5.4"
#define PACKAGE_BUGREPORT "lemmih@gmail.com"
#define PACKAGE_URL ""

configure: exit 0
